<?xml version="1.0" encoding="UTF-8"?>
<!-- Generated by org.testng.reporters.JUnitReportReporter -->
<testsuite hostname="OJT11" name="com.orangehrm.baseclasses.logooutt" tests="1" failures="0" timestamp="28 Mar 2016 13:54:40 GMT" time="1.747" errors="0">
  <testcase name="logouttes" time="1.747" classname="com.orangehrm.baseclasses.logooutt"/>
</testsuite> <!-- com.orangehrm.baseclasses.logooutt -->
