<?xml version="1.0" encoding="UTF-8"?>
<!-- Generated by org.testng.reporters.JUnitReportReporter -->
<testsuite hostname="OJT11" name="com.orangehrm.baseclasses.Addemployee" tests="1" failures="0" timestamp="28 Mar 2016 13:54:40 GMT" time="23.534" errors="0">
  <testcase name="addemploytest1" time="23.534" classname="com.orangehrm.baseclasses.Addemployee"/>
</testsuite> <!-- com.orangehrm.baseclasses.Addemployee -->
