<?xml version="1.0" encoding="UTF-8"?>
<!-- Generated by org.testng.reporters.JUnitReportReporter -->
<testsuite hostname="OJT11" name="com.orangehrm.baseclasses.login" tests="1" failures="0" timestamp="28 Mar 2016 13:54:40 GMT" time="19.293" errors="0">
  <testcase name="logintest" time="19.293" classname="com.orangehrm.baseclasses.login"/>
</testsuite> <!-- com.orangehrm.baseclasses.login -->
