<?xml version="1.0" encoding="UTF-8"?>
<!-- Generated by org.testng.reporters.JUnitReportReporter -->
<testsuite hostname="OJT11" name="com.orangehrm.baseclasses.screenshottest" tests="1" failures="0" timestamp="28 Mar 2016 13:54:40 GMT" time="0.328" errors="0">
  <testcase name="screen" time="0.328" classname="com.orangehrm.baseclasses.screenshottest"/>
</testsuite> <!-- com.orangehrm.baseclasses.screenshottest -->
